<?xml version="1.0" encoding="UTF-8"?>
<testsuite name="com.cloudgov.pshop.PshopApplicationTests" tests="1" skipped="0" failures="0" errors="0" timestamp="2025-03-27T11:34:58.492Z" hostname="parthimacbk.local" time="0.817">
  <properties/>
  <testcase name="contextLoads()" classname="com.cloudgov.pshop.PshopApplicationTests" time="0.817"/>
  <system-out><![CDATA[17:04:56.105 [Test worker] INFO org.springframework.test.context.support.AnnotationConfigContextLoaderUtils -- Could not detect default configuration classes for test class [com.cloudgov.pshop.PshopApplicationTests]: PshopApplicationTests does not declare any static, non-private, non-final, nested classes annotated with @Configuration.
17:04:56.228 [Test worker] INFO org.springframework.boot.test.context.SpringBootTestContextBootstrapper -- Found @SpringBootConfiguration com.cloudgov.pshop.PshopApplication for test class com.cloudgov.pshop.PshopApplicationTests

  .   ____          _            __ _ _
 /\\ / ___'_ __ _ _(_)_ __  __ _ \ \ \ \
( ( )\___ | '_ | '_| | '_ \/ _` | \ \ \ \
 \\/  ___)| |_)| | | | | || (_| |  ) ) ) )
  '  |____| .__|_| |_|_| |_\__, | / / / /
 =========|_|==============|___/=/_/_/_/

 :: Spring Boot ::                (v3.4.4)

2025-03-27T17:04:56.658+05:30  INFO 46733 --- [pshop] [    Test worker] c.cloudgov.pshop.PshopApplicationTests   : Starting PshopApplicationTests using Java 21.0.5 with PID 46733 (started by parthipangounder in /Users/parthipangounder/Downloads/pshop)
2025-03-27T17:04:56.659+05:30  INFO 46733 --- [pshop] [    Test worker] c.cloudgov.pshop.PshopApplicationTests   : No active profile set, falling back to 1 default profile: "default"
2025-03-27T17:04:57.146+05:30  INFO 46733 --- [pshop] [    Test worker] .s.d.r.c.RepositoryConfigurationDelegate : Bootstrapping Spring Data Reactive MongoDB repositories in DEFAULT mode.
2025-03-27T17:04:57.259+05:30  INFO 46733 --- [pshop] [    Test worker] .s.d.r.c.RepositoryConfigurationDelegate : Finished Spring Data repository scanning in 106 ms. Found 2 Reactive MongoDB repository interfaces.
2025-03-27T17:04:57.722+05:30  INFO 46733 --- [pshop] [8iv.mongodb.net] org.mongodb.driver.cluster               : Adding discovered server ac-zlntmlh-shard-00-00.qixi8iv.mongodb.net:27017 to client view of cluster
2025-03-27T17:04:57.752+05:30  INFO 46733 --- [pshop] [    Test worker] org.mongodb.driver.client                : MongoClient with metadata {"application": {"name": "mongosh 2.4.2"}, "driver": {"name": "mongo-java-driver|reactive-streams|spring-boot", "version": "5.2.1"}, "os": {"type": "Darwin", "name": "Mac OS X", "architecture": "x86_64", "version": "15.3.2"}, "platform": "Java/Oracle Corporation/21.0.5+9-LTS-239"} created with settings MongoClientSettings{readPreference=primary, writeConcern=WriteConcern{w=null, wTimeout=null ms, journal=null}, retryWrites=true, retryReads=true, readConcern=ReadConcern{level=null}, credential=MongoCredential{mechanism=null, userName='Cluster70248', source='admin', password=<hidden>, mechanismProperties=<hidden>}, transportSettings=NettyTransportSettings{eventLoopGroup=io.netty.channel.nio.NioEventLoopGroup@64ae105d, socketChannelClass=null, allocator=null, sslContext=null}, commandListeners=[], codecRegistry=ProvidersCodecRegistry{codecProviders=[ValueCodecProvider{}, BsonValueCodecProvider{}, DBRefCodecProvider{}, DBObjectCodecProvider{}, DocumentCodecProvider{}, CollectionCodecProvider{}, IterableCodecProvider{}, MapCodecProvider{}, GeoJsonCodecProvider{}, GridFSFileCodecProvider{}, Jsr310CodecProvider{}, JsonObjectCodecProvider{}, BsonCodecProvider{}, EnumCodecProvider{}, com.mongodb.client.model.mql.ExpressionCodecProvider@10a18e3e, com.mongodb.Jep395RecordCodecProvider@69364b2d, com.mongodb.KotlinCodecProvider@53aa2fc9]}, loggerSettings=LoggerSettings{maxDocumentLength=1000}, clusterSettings={hosts=[127.0.0.1:27017], srvHost=cluster70248.qixi8iv.mongodb.net, srvServiceName=mongodb, mode=MULTIPLE, requiredClusterType=REPLICA_SET, requiredReplicaSetName='atlas-u941fv-shard-0', serverSelector='null', clusterListeners='[]', serverSelectionTimeout='30000 ms', localThreshold='15 ms'}, socketSettings=SocketSettings{connectTimeoutMS=10000, readTimeoutMS=0, receiveBufferSize=0, proxySettings=ProxySettings{host=null, port=null, username=null, password=null}}, heartbeatSocketSettings=SocketSettings{connectTimeoutMS=10000, readTimeoutMS=10000, receiveBufferSize=0, proxySettings=ProxySettings{host=null, port=null, username=null, password=null}}, connectionPoolSettings=ConnectionPoolSettings{maxSize=100, minSize=0, maxWaitTimeMS=120000, maxConnectionLifeTimeMS=0, maxConnectionIdleTimeMS=0, maintenanceInitialDelayMS=0, maintenanceFrequencyMS=60000, connectionPoolListeners=[], maxConnecting=2}, serverSettings=ServerSettings{heartbeatFrequencyMS=10000, minHeartbeatFrequencyMS=500, serverMonitoringMode=AUTO, serverListeners='[]', serverMonitorListeners='[]'}, sslSettings=SslSettings{enabled=true, invalidHostNameAllowed=false, context=null}, applicationName='mongosh 2.4.2', compressorList=[], uuidRepresentation=JAVA_LEGACY, serverApi=null, autoEncryptionSettings=null, dnsClient=null, inetAddressResolver=null, contextProvider=null, timeoutMS=null}
2025-03-27T17:04:57.760+05:30  INFO 46733 --- [pshop] [8iv.mongodb.net] org.mongodb.driver.cluster               : Adding discovered server ac-zlntmlh-shard-00-01.qixi8iv.mongodb.net:27017 to client view of cluster
2025-03-27T17:04:57.763+05:30  INFO 46733 --- [pshop] [8iv.mongodb.net] org.mongodb.driver.cluster               : Adding discovered server ac-zlntmlh-shard-00-02.qixi8iv.mongodb.net:27017 to client view of cluster
2025-03-27T17:04:58.487+05:30  INFO 46733 --- [pshop] [    Test worker] c.cloudgov.pshop.PshopApplicationTests   : Started PshopApplicationTests in 2.085 seconds (process running for 3.227)
2025-03-27T17:04:59.001+05:30  INFO 46733 --- [pshop] [ngodb.net:27017] org.mongodb.driver.cluster               : Monitor thread successfully connected to server with description ServerDescription{address=ac-zlntmlh-shard-00-00.qixi8iv.mongodb.net:27017, type=REPLICA_SET_SECONDARY, cryptd=false, state=CONNECTED, ok=true, minWireVersion=0, maxWireVersion=25, maxDocumentSize=16777216, logicalSessionTimeoutMinutes=30, roundTripTimeNanos=747558729, minRoundTripTimeNanos=0, setName='atlas-u941fv-shard-0', canonicalAddress=ac-zlntmlh-shard-00-00.qixi8iv.mongodb.net:27017, hosts=[ac-zlntmlh-shard-00-00.qixi8iv.mongodb.net:27017, ac-zlntmlh-shard-00-01.qixi8iv.mongodb.net:27017, ac-zlntmlh-shard-00-02.qixi8iv.mongodb.net:27017], passives=[], arbiters=[], primary='ac-zlntmlh-shard-00-01.qixi8iv.mongodb.net:27017', tagSet=TagSet{[Tag{name='availabilityZone', value='use1-az2'}, Tag{name='diskState', value='READY'}, Tag{name='nodeType', value='ELECTABLE'}, Tag{name='provider', value='AWS'}, Tag{name='region', value='US_EAST_1'}, Tag{name='workloadType', value='OPERATIONAL'}]}, electionId=null, setVersion=93, topologyVersion=TopologyVersion{processId=67e05bbd6be8c42946b92627, counter=5}, lastWriteDate=Thu Mar 27 17:04:58 IST 2025, lastUpdateTimeNanos=333935439323461}
2025-03-27T17:04:59.001+05:30  INFO 46733 --- [pshop] [ngodb.net:27017] org.mongodb.driver.cluster               : Monitor thread successfully connected to server with description ServerDescription{address=ac-zlntmlh-shard-00-02.qixi8iv.mongodb.net:27017, type=REPLICA_SET_SECONDARY, cryptd=false, state=CONNECTED, ok=true, minWireVersion=0, maxWireVersion=25, maxDocumentSize=16777216, logicalSessionTimeoutMinutes=30, roundTripTimeNanos=746179151, minRoundTripTimeNanos=0, setName='atlas-u941fv-shard-0', canonicalAddress=ac-zlntmlh-shard-00-02.qixi8iv.mongodb.net:27017, hosts=[ac-zlntmlh-shard-00-00.qixi8iv.mongodb.net:27017, ac-zlntmlh-shard-00-01.qixi8iv.mongodb.net:27017, ac-zlntmlh-shard-00-02.qixi8iv.mongodb.net:27017], passives=[], arbiters=[], primary='ac-zlntmlh-shard-00-01.qixi8iv.mongodb.net:27017', tagSet=TagSet{[Tag{name='availabilityZone', value='use1-az6'}, Tag{name='diskState', value='READY'}, Tag{name='nodeType', value='ELECTABLE'}, Tag{name='provider', value='AWS'}, Tag{name='region', value='US_EAST_1'}, Tag{name='workloadType', value='OPERATIONAL'}]}, electionId=null, setVersion=93, topologyVersion=TopologyVersion{processId=67e05d208d21d72724e4da13, counter=5}, lastWriteDate=Thu Mar 27 17:04:58 IST 2025, lastUpdateTimeNanos=333935437943735}
2025-03-27T17:04:59.001+05:30  INFO 46733 --- [pshop] [ngodb.net:27017] org.mongodb.driver.cluster               : Monitor thread successfully connected to server with description ServerDescription{address=ac-zlntmlh-shard-00-01.qixi8iv.mongodb.net:27017, type=REPLICA_SET_PRIMARY, cryptd=false, state=CONNECTED, ok=true, minWireVersion=0, maxWireVersion=25, maxDocumentSize=16777216, logicalSessionTimeoutMinutes=30, roundTripTimeNanos=755019190, minRoundTripTimeNanos=0, setName='atlas-u941fv-shard-0', canonicalAddress=ac-zlntmlh-shard-00-01.qixi8iv.mongodb.net:27017, hosts=[ac-zlntmlh-shard-00-00.qixi8iv.mongodb.net:27017, ac-zlntmlh-shard-00-01.qixi8iv.mongodb.net:27017, ac-zlntmlh-shard-00-02.qixi8iv.mongodb.net:27017], passives=[], arbiters=[], primary='ac-zlntmlh-shard-00-01.qixi8iv.mongodb.net:27017', tagSet=TagSet{[Tag{name='availabilityZone', value='use1-az4'}, Tag{name='diskState', value='READY'}, Tag{name='nodeType', value='ELECTABLE'}, Tag{name='provider', value='AWS'}, Tag{name='region', value='US_EAST_1'}, Tag{name='workloadType', value='OPERATIONAL'}]}, electionId=7fffffff0000000000000304, setVersion=93, topologyVersion=TopologyVersion{processId=67e05acbc7cc2109554b2e44, counter=9}, lastWriteDate=Thu Mar 27 17:04:58 IST 2025, lastUpdateTimeNanos=333935433479271}
2025-03-27T17:04:59.005+05:30  INFO 46733 --- [pshop] [ngodb.net:27017] org.mongodb.driver.cluster               : Discovered replica set primary ac-zlntmlh-shard-00-01.qixi8iv.mongodb.net:27017 with max election id 7fffffff0000000000000304 and max set version 93
]]></system-out>
  <system-err><![CDATA[Mockito is currently self-attaching to enable the inline-mock-maker. This will no longer work in future releases of the JDK. Please add Mockito as an agent to your build what is described in Mockito's documentation: https://javadoc.io/doc/org.mockito/mockito-core/latest/org/mockito/Mockito.html#0.3
WARNING: A Java agent has been loaded dynamically (/Users/parthipangounder/.gradle/caches/modules-2/files-2.1/net.bytebuddy/byte-buddy-agent/1.15.11/a38b16385e867f59a641330f0362ebe742788ed8/byte-buddy-agent-1.15.11.jar)
WARNING: If a serviceability tool is in use, please run with -XX:+EnableDynamicAgentLoading to hide this warning
WARNING: If a serviceability tool is not in use, please run with -Djdk.instrument.traceUsage for more information
WARNING: Dynamic loading of agents will be disallowed by default in a future release
]]></system-err>
</testsuite>
